INFO 2024-11-02 19:15:07,099 tasks 20024 1340 SMS sent successfully to 09358438355
WARNING 2024-11-02 19:15:07,101 tasks 20024 1340 No phone number provided for SMS
INFO 2024-11-02 19:15:07,572 tasks 20024 1340 SMS sent successfully to None
INFO 2024-11-02 19:15:08,021 tasks 20024 1340 SMS sent successfully to None
INFO 2024-11-02 19:15:08,541 tasks 20024 1340 SMS sent successfully to None
INFO 2024-11-02 19:15:09,047 tasks 20024 1340 SMS sent successfully to None
INFO 2024-11-02 19:15:09,227 tasks 20024 1340 Updated statuses: 2 activated, 1 completed
INFO 2024-11-02 19:15:11,771 tasks 20024 1340 SMS sent successfully to None
INFO 2024-11-02 19:15:12,237 tasks 20024 1340 SMS sent successfully to None
INFO 2024-11-02 19:15:12,687 tasks 20024 1340 SMS sent successfully to None
INFO 2024-11-02 19:15:13,149 tasks 20024 1340 SMS sent successfully to None
WARNING 2024-11-02 19:15:13,152 tasks 20024 1340 No phone number provided for SMS
INFO 2024-11-02 19:15:13,744 tasks 20024 1340 SMS sent successfully to 09358438355
INFO 2024-11-02 19:15:13,862 tasks 20024 1340 Successfully cancelled 6 pending reservations
INFO 2024-11-02 19:20:04,515 tasks 20024 1340 SMS sent successfully to 09358438355
WARNING 2024-11-02 19:20:04,517 tasks 20024 1340 No phone number provided for SMS
INFO 2024-11-02 19:20:04,965 tasks 20024 1340 SMS sent successfully to None
INFO 2024-11-02 19:20:05,451 tasks 20024 1340 SMS sent successfully to None
INFO 2024-11-02 19:20:06,112 tasks 20024 1340 SMS sent successfully to None
INFO 2024-11-02 19:20:06,600 tasks 20024 1340 SMS sent successfully to None
INFO 2024-11-02 19:20:06,601 tasks 20024 1340 Updated statuses: 0 activated, 0 completed
INFO 2024-11-02 19:24:55,512 tasks 16964 13928 Sent 0 pickup reminders and 0 return reminders
INFO 2024-11-02 19:25:00,838 tasks 16964 13928 SMS sent successfully to 09358438355
WARNING 2024-11-02 19:25:00,838 tasks 16964 13928 No phone number provided for SMS
INFO 2024-11-02 19:25:01,378 tasks 16964 13928 SMS sent successfully to 09358438356
INFO 2024-11-02 19:25:01,971 tasks 16964 13928 SMS sent successfully to 09358438356
INFO 2024-11-02 19:25:02,774 tasks 16964 13928 SMS sent successfully to 09358438356
INFO 2024-11-02 19:25:03,601 tasks 16964 13928 SMS sent successfully to 09358438356
INFO 2024-11-02 19:25:03,604 tasks 16964 13928 Updated statuses: 0 activated, 0 completed
INFO 2024-11-02 19:25:03,631 tasks 16964 13928 Sent 0 pickup reminders and 0 return reminders
INFO 2024-11-02 19:26:00,031 tasks 16964 13928 Sent 0 pickup reminders and 0 return reminders
INFO 2024-11-02 19:27:00,533 tasks 16964 13928 SMS sent successfully to 09358438356
INFO 2024-11-02 19:27:00,542 tasks 16964 13928 Sent 1 pickup reminders and 0 return reminders
INFO 2024-11-02 19:28:00,916 tasks 16964 13928 SMS sent successfully to 09358438356
INFO 2024-11-02 19:28:00,933 tasks 16964 13928 Sent 1 pickup reminders and 0 return reminders
INFO 2024-11-02 19:29:01,096 tasks 16964 13928 SMS sent successfully to 09358438356
INFO 2024-11-02 19:29:01,102 tasks 16964 13928 Sent 1 pickup reminders and 0 return reminders
INFO 2024-11-02 19:30:00,007 tasks 16964 13928 Successfully cancelled 0 pending reservations
INFO 2024-11-02 19:30:00,554 tasks 16964 13928 SMS sent successfully to 09358438355
WARNING 2024-11-02 19:30:00,554 tasks 16964 13928 No phone number provided for SMS
INFO 2024-11-02 19:30:01,040 tasks 16964 13928 SMS sent successfully to 09358438356
INFO 2024-11-02 19:30:04,205 tasks 16964 13928 SMS sent successfully to 09358438356
INFO 2024-11-02 19:30:04,936 tasks 16964 13928 SMS sent successfully to 09358438356
INFO 2024-11-02 19:30:05,722 tasks 16964 13928 SMS sent successfully to 09358438356
INFO 2024-11-02 19:30:05,722 tasks 16964 13928 Updated statuses: 0 activated, 0 completed
INFO 2024-11-02 19:30:06,305 tasks 16964 13928 SMS sent successfully to 09358438356
INFO 2024-11-02 19:30:06,314 tasks 16964 13928 Sent 1 pickup reminders and 0 return reminders
INFO 2024-11-02 19:31:01,774 tasks 16964 13928 SMS sent successfully to 09358438356
INFO 2024-11-02 19:31:01,785 tasks 16964 13928 Sent 1 pickup reminders and 0 return reminders
INFO 2024-11-02 19:32:05,795 tasks 16964 13928 SMS sent successfully to 09358438356
INFO 2024-11-02 19:32:05,799 tasks 16964 13928 Sent 1 pickup reminders and 0 return reminders
INFO 2024-11-02 19:33:06,063 tasks 16964 13928 SMS sent successfully to 09358438356
INFO 2024-11-02 19:33:06,071 tasks 16964 13928 Sent 1 pickup reminders and 0 return reminders
INFO 2024-11-02 19:34:03,707 tasks 16964 13928 SMS sent successfully to 09358438356
INFO 2024-11-02 19:34:03,714 tasks 16964 13928 Sent 1 pickup reminders and 0 return reminders
ERROR 2024-11-02 19:35:11,122 tasks 16964 13928 SMS sending failed to 09358438356: HTTPSConnectionPool(host='api.semaphore.co', port=443): Read timed out. (read timeout=10)
INFO 2024-11-02 19:35:12,404 tasks 16964 13928 SMS sent successfully to 09358438355
WARNING 2024-11-02 19:35:12,418 tasks 16964 13928 No phone number provided for SMS
INFO 2024-11-02 19:35:15,151 tasks 16964 13928 SMS sent successfully to 09358438356
INFO 2024-11-02 19:35:17,041 tasks 16964 13928 SMS sent successfully to 09358438356
INFO 2024-11-02 19:35:17,659 tasks 16964 13928 SMS sent successfully to 09358438356
INFO 2024-11-02 19:35:25,561 tasks 16964 13928 SMS sent successfully to 09358438356
INFO 2024-11-02 19:35:25,719 tasks 16964 13928 Updated statuses: 1 activated, 0 completed
INFO 2024-11-02 19:35:26,902 tasks 16964 13928 SMS sent successfully to 09358438356
INFO 2024-11-02 19:35:26,913 tasks 16964 13928 Sent 1 pickup reminders and 0 return reminders
INFO 2024-11-02 19:36:00,759 tasks 16964 13928 SMS sent successfully to 09358438356
INFO 2024-11-02 19:36:00,759 tasks 16964 13928 Sent 1 pickup reminders and 0 return reminders
INFO 2024-11-02 19:37:00,718 tasks 16964 13928 SMS sent successfully to 09358438356
INFO 2024-11-02 19:37:00,739 tasks 16964 13928 Sent 1 pickup reminders and 0 return reminders
INFO 2024-11-02 19:38:00,531 tasks 16964 13928 SMS sent successfully to 09358438356
INFO 2024-11-02 19:38:00,538 tasks 16964 13928 Sent 1 pickup reminders and 0 return reminders
INFO 2024-11-02 19:39:06,285 tasks 16964 13928 SMS sent successfully to 09358438356
INFO 2024-11-02 19:39:06,285 tasks 16964 13928 Sent 1 pickup reminders and 0 return reminders
INFO 2024-11-02 19:40:11,175 tasks 16964 13928 SMS sent successfully to 09358438356
INFO 2024-11-02 19:40:13,720 tasks 16964 13928 SMS sent successfully to 09358438355
WARNING 2024-11-02 19:40:13,720 tasks 16964 13928 No phone number provided for SMS
INFO 2024-11-02 19:40:14,503 tasks 16964 13928 SMS sent successfully to 09358438356
INFO 2024-11-02 19:40:15,034 tasks 16964 13928 SMS sent successfully to 09358438356
INFO 2024-11-02 19:40:15,595 tasks 16964 13928 SMS sent successfully to 09358438356
INFO 2024-11-02 19:40:16,313 tasks 16964 13928 SMS sent successfully to 09358438356
INFO 2024-11-02 19:40:16,314 tasks 16964 13928 Updated statuses: 0 activated, 0 completed
INFO 2024-11-02 19:40:16,936 tasks 16964 13928 SMS sent successfully to 09358438356
INFO 2024-11-02 19:40:16,936 tasks 16964 13928 Sent 1 pickup reminders and 0 return reminders
INFO 2024-11-02 19:41:00,780 tasks 16964 13928 SMS sent successfully to 09358438356
INFO 2024-11-02 19:41:00,789 tasks 16964 13928 Sent 1 pickup reminders and 0 return reminders
INFO 2024-11-02 19:42:02,223 tasks 16964 13928 SMS sent successfully to 09358438356
INFO 2024-11-02 19:42:02,227 tasks 16964 13928 Sent 1 pickup reminders and 0 return reminders
ERROR 2024-11-02 19:43:10,213 tasks 16964 13928 SMS sending failed to 09358438356: HTTPSConnectionPool(host='api.semaphore.co', port=443): Read timed out. (read timeout=10)
INFO 2024-11-02 19:43:10,219 tasks 16964 13928 Sent 0 pickup reminders and 0 return reminders
INFO 2024-11-02 19:44:02,875 tasks 16964 13928 SMS sent successfully to 09358438356
INFO 2024-11-02 19:44:02,882 tasks 16964 13928 Sent 1 pickup reminders and 0 return reminders
INFO 2024-11-02 19:45:00,016 tasks 16964 13928 Successfully cancelled 0 pending reservations
INFO 2024-11-02 19:45:03,188 tasks 16964 13928 SMS sent successfully to 09358438356
INFO 2024-11-02 19:45:03,195 tasks 16964 13928 Sent 1 pickup reminders and 0 return reminders
INFO 2024-11-02 19:45:09,372 tasks 16964 13928 SMS sent successfully to 09358438356
INFO 2024-11-02 19:45:09,945 tasks 16964 13928 SMS sent successfully to 09358438355
WARNING 2024-11-02 19:45:09,945 tasks 16964 13928 No phone number provided for SMS
INFO 2024-11-02 19:45:11,600 tasks 16964 13928 SMS sent successfully to 09358438356
INFO 2024-11-02 19:45:12,611 tasks 16964 13928 SMS sent successfully to 09358438356
INFO 2024-11-02 19:45:13,158 tasks 16964 13928 SMS sent successfully to 09358438356
INFO 2024-11-02 19:45:13,668 tasks 16964 13928 SMS sent successfully to 09358438356
INFO 2024-11-02 19:45:13,670 tasks 16964 13928 Updated statuses: 0 activated, 0 completed
INFO 2024-11-02 19:46:04,700 tasks 16964 13928 SMS sent successfully to 09358438356
INFO 2024-11-02 19:46:04,706 tasks 16964 13928 Sent 1 pickup reminders and 0 return reminders
INFO 2024-11-02 19:47:05,029 tasks 16964 13928 SMS sent successfully to 09358438356
INFO 2024-11-02 19:47:05,031 tasks 16964 13928 Sent 1 pickup reminders and 0 return reminders
INFO 2024-11-02 19:48:02,780 tasks 16964 13928 SMS sent successfully to 09358438356
INFO 2024-11-02 19:48:02,787 tasks 16964 13928 Sent 1 pickup reminders and 0 return reminders
INFO 2024-11-02 19:49:00,555 tasks 16964 13928 SMS sent successfully to 09358438356
INFO 2024-11-02 19:49:00,555 tasks 16964 13928 Sent 1 pickup reminders and 0 return reminders
INFO 2024-11-02 19:50:01,813 tasks 16964 13928 SMS sent successfully to 09358438356
INFO 2024-11-02 19:50:05,738 tasks 16964 13928 SMS sent successfully to 09358438355
WARNING 2024-11-02 19:50:05,745 tasks 16964 13928 No phone number provided for SMS
INFO 2024-11-02 19:50:07,901 tasks 16964 13928 SMS sent successfully to 09358438356
INFO 2024-11-02 19:50:08,991 tasks 16964 13928 SMS sent successfully to 09358438356
ERROR 2024-11-02 19:50:19,420 tasks 16964 13928 SMS sending failed to 09358438356: HTTPSConnectionPool(host='api.semaphore.co', port=443): Read timed out. (read timeout=10)
INFO 2024-11-02 19:50:21,830 tasks 16964 13928 SMS sent successfully to 09358438356
INFO 2024-11-02 19:50:21,830 tasks 16964 13928 Updated statuses: 0 activated, 0 completed
INFO 2024-11-02 19:50:26,786 tasks 16964 13928 SMS sent successfully to 09358438356
INFO 2024-11-02 19:50:26,797 tasks 16964 13928 Sent 1 pickup reminders and 0 return reminders
INFO 2024-11-02 19:51:02,065 tasks 16964 13928 SMS sent successfully to 09358438356
INFO 2024-11-02 19:51:02,071 tasks 16964 13928 Sent 1 pickup reminders and 0 return reminders
INFO 2024-11-02 19:52:00,574 tasks 16964 13928 SMS sent successfully to 09358438356
INFO 2024-11-02 19:52:00,589 tasks 16964 13928 Sent 1 pickup reminders and 0 return reminders
INFO 2024-11-02 19:53:01,019 tasks 16964 13928 SMS sent successfully to 09358438356
INFO 2024-11-02 19:53:01,028 tasks 16964 13928 Sent 1 pickup reminders and 0 return reminders
INFO 2024-11-02 19:54:09,774 tasks 16964 13928 SMS sent successfully to 09358438356
INFO 2024-11-02 19:54:09,777 tasks 16964 13928 Sent 1 pickup reminders and 0 return reminders
INFO 2024-11-02 19:55:02,499 tasks 16964 13928 SMS sent successfully to 09358438356
INFO 2024-11-02 19:55:04,008 tasks 16964 13928 SMS sent successfully to 09358438355
WARNING 2024-11-02 19:55:04,008 tasks 16964 13928 No phone number provided for SMS
INFO 2024-11-02 19:55:05,506 tasks 16964 13928 SMS sent successfully to 09358438356
INFO 2024-11-02 19:55:09,289 tasks 16964 13928 SMS sent successfully to 09358438356
INFO 2024-11-02 19:55:16,009 tasks 16964 13928 SMS sent successfully to 09358438356
INFO 2024-11-02 19:55:18,392 tasks 16964 13928 SMS sent successfully to 09358438356
INFO 2024-11-02 19:55:18,392 tasks 16964 13928 Updated statuses: 0 activated, 0 completed
ERROR 2024-11-02 19:55:30,609 tasks 16964 13928 SMS sending failed to 09358438356: HTTPSConnectionPool(host='api.semaphore.co', port=443): Read timed out. (read timeout=10)
INFO 2024-11-02 19:55:30,615 tasks 16964 13928 Sent 0 pickup reminders and 0 return reminders
INFO 2024-11-02 19:56:00,794 tasks 16964 13928 SMS sent successfully to 09358438356
INFO 2024-11-02 19:56:00,797 tasks 16964 13928 Sent 1 pickup reminders and 0 return reminders
INFO 2024-11-02 19:57:01,401 tasks 16964 13928 SMS sent successfully to 09358438356
INFO 2024-11-02 19:57:01,404 tasks 16964 13928 Sent 1 pickup reminders and 0 return reminders
INFO 2024-11-02 19:58:08,189 tasks 16964 13928 SMS sent successfully to 09358438356
INFO 2024-11-02 19:58:08,207 tasks 16964 13928 Sent 1 pickup reminders and 0 return reminders
INFO 2024-11-02 19:59:02,144 tasks 16964 13928 SMS sent successfully to 09358438356
INFO 2024-11-02 19:59:02,152 tasks 16964 13928 Sent 1 pickup reminders and 0 return reminders
INFO 2024-11-02 20:00:00,030 tasks 16964 13928 Successfully cancelled 0 pending reservations
INFO 2024-11-02 20:00:01,050 tasks 16964 13928 SMS sent successfully to 09358438356
INFO 2024-11-02 20:00:01,054 tasks 16964 13928 Sent 1 pickup reminders and 0 return reminders
INFO 2024-11-02 20:00:01,712 tasks 16964 13928 SMS sent successfully to 09358438356
INFO 2024-11-02 20:00:02,288 tasks 16964 13928 SMS sent successfully to 09358438355
WARNING 2024-11-02 20:00:02,288 tasks 16964 13928 No phone number provided for SMS
INFO 2024-11-02 20:00:02,799 tasks 16964 13928 SMS sent successfully to 09358438356
INFO 2024-11-02 20:00:03,390 tasks 16964 13928 SMS sent successfully to 09358438356
INFO 2024-11-02 20:00:03,929 tasks 16964 13928 SMS sent successfully to 09358438356
INFO 2024-11-02 20:00:04,522 tasks 16964 13928 SMS sent successfully to 09358438356
INFO 2024-11-02 20:00:04,536 tasks 16964 13928 Updated statuses: 0 activated, 0 completed
INFO 2024-11-02 20:01:05,149 tasks 16964 13928 SMS sent successfully to 09358438356
INFO 2024-11-02 20:01:05,152 tasks 16964 13928 Sent 1 pickup reminders and 0 return reminders
INFO 2024-11-02 20:02:00,638 tasks 16964 13928 SMS sent successfully to 09358438356
INFO 2024-11-02 20:02:00,640 tasks 16964 13928 Sent 1 pickup reminders and 0 return reminders
INFO 2024-11-02 20:03:08,083 tasks 16964 13928 SMS sent successfully to 09358438356
INFO 2024-11-02 20:03:08,087 tasks 16964 13928 Sent 1 pickup reminders and 0 return reminders
INFO 2024-11-02 20:04:02,047 tasks 16964 13928 SMS sent successfully to 09358438356
INFO 2024-11-02 20:04:02,054 tasks 16964 13928 Sent 1 pickup reminders and 0 return reminders
ERROR 2024-11-02 20:05:10,929 tasks 16964 13928 SMS sending failed to 09358438356: HTTPSConnectionPool(host='api.semaphore.co', port=443): Read timed out. (read timeout=10)
INFO 2024-11-02 20:05:10,934 tasks 16964 13928 Sent 0 pickup reminders and 0 return reminders
INFO 2024-11-02 20:05:20,126 tasks 16964 13928 SMS sent successfully to 09358438356
INFO 2024-11-02 20:05:21,986 tasks 16964 13928 SMS sent successfully to 09358438355
WARNING 2024-11-02 20:05:21,986 tasks 16964 13928 No phone number provided for SMS
INFO 2024-11-02 20:05:28,246 tasks 16964 13928 SMS sent successfully to 09358438356
INFO 2024-11-02 20:05:28,915 tasks 16964 13928 SMS sent successfully to 09358438356
INFO 2024-11-02 20:05:29,538 tasks 16964 13928 SMS sent successfully to 09358438356
INFO 2024-11-02 20:05:30,114 tasks 16964 13928 SMS sent successfully to 09358438356
INFO 2024-11-02 20:05:30,114 tasks 16964 13928 Updated statuses: 0 activated, 0 completed
INFO 2024-11-02 20:06:08,347 tasks 16964 13928 SMS sent successfully to 09358438356
INFO 2024-11-02 20:06:08,352 tasks 16964 13928 Sent 1 pickup reminders and 0 return reminders
INFO 2024-11-02 20:07:00,520 tasks 16964 13928 SMS sent successfully to 09358438356
INFO 2024-11-02 20:07:00,542 tasks 16964 13928 Sent 1 pickup reminders and 0 return reminders
INFO 2024-11-02 20:08:00,526 tasks 16964 13928 SMS sent successfully to 09358438356
INFO 2024-11-02 20:08:00,547 tasks 16964 13928 Sent 1 pickup reminders and 0 return reminders
INFO 2024-11-02 20:09:00,738 tasks 16964 13928 SMS sent successfully to 09358438356
INFO 2024-11-02 20:09:00,753 tasks 16964 13928 Sent 1 pickup reminders and 0 return reminders
INFO 2024-11-02 20:10:00,602 tasks 16964 13928 SMS sent successfully to 09358438356
INFO 2024-11-02 20:10:01,159 tasks 16964 13928 SMS sent successfully to 09358438355
WARNING 2024-11-02 20:10:01,160 tasks 16964 13928 No phone number provided for SMS
INFO 2024-11-02 20:10:02,177 tasks 16964 13928 SMS sent successfully to 09358438356
INFO 2024-11-02 20:10:03,128 tasks 16964 13928 SMS sent successfully to 09358438356
INFO 2024-11-02 20:10:03,721 tasks 16964 13928 SMS sent successfully to 09358438356
INFO 2024-11-02 20:10:04,275 tasks 16964 13928 SMS sent successfully to 09358438356
INFO 2024-11-02 20:10:04,275 tasks 16964 13928 Updated statuses: 0 activated, 0 completed
INFO 2024-11-02 20:10:04,824 tasks 16964 13928 SMS sent successfully to 09358438356
INFO 2024-11-02 20:10:04,826 tasks 16964 13928 Sent 1 pickup reminders and 0 return reminders
INFO 2024-11-02 20:11:08,997 tasks 16964 13928 SMS sent successfully to 09358438356
INFO 2024-11-02 20:11:09,003 tasks 16964 13928 Sent 1 pickup reminders and 0 return reminders
INFO 2024-11-02 20:12:29,069 tasks 19768 20312 Successfully cancelled 0 pending reservations
ERROR 2024-11-02 20:12:32,867 tasks 19768 20312 SMS sending failed to 09358438356: Invalid phone number!
INFO 2024-11-02 20:12:32,877 tasks 19768 20312 Sent 0 pickup reminders and 0 return reminders
ERROR 2024-11-02 20:13:01,258 tasks 19768 20312 SMS sending failed to 09358438356: Invalid phone number!
INFO 2024-11-02 20:13:01,263 tasks 19768 20312 Sent 0 pickup reminders and 0 return reminders
ERROR 2024-11-02 20:14:01,739 tasks 19768 20312 SMS sending failed to 09358438356: Invalid phone number!
INFO 2024-11-02 20:14:01,757 tasks 19768 20312 Sent 0 pickup reminders and 0 return reminders
ERROR 2024-11-02 20:15:01,624 tasks 19768 20312 SMS sending failed to 09358438356: Invalid phone number!
ERROR 2024-11-02 20:15:02,901 tasks 19768 20312 SMS sending failed to 09358438356: Invalid phone number!
ERROR 2024-11-02 20:15:04,269 tasks 19768 20312 SMS sending failed to 09358438355: Invalid phone number!
WARNING 2024-11-02 20:15:04,269 tasks 19768 20312 No phone number provided for SMS
ERROR 2024-11-02 20:15:05,568 tasks 19768 20312 SMS sending failed to 09358438356: Invalid phone number!
ERROR 2024-11-02 20:15:06,822 tasks 19768 20312 SMS sending failed to 09358438356: Invalid phone number!
ERROR 2024-11-02 20:15:08,073 tasks 19768 20312 SMS sending failed to 09358438356: Invalid phone number!
ERROR 2024-11-02 20:15:09,335 tasks 19768 20312 SMS sending failed to 09358438356: Invalid phone number!
INFO 2024-11-02 20:15:09,440 tasks 19768 20312 Updated statuses: 1 activated, 0 completed
ERROR 2024-11-02 20:15:10,722 tasks 19768 20312 SMS sending failed to 09358438356: Invalid phone number!
INFO 2024-11-02 20:15:10,731 tasks 19768 20312 Sent 0 pickup reminders and 0 return reminders
INFO 2024-11-02 20:15:10,754 tasks 19768 20312 Successfully cancelled 0 pending reservations
ERROR 2024-11-02 20:16:48,075 tasks 20024 10316 SMS sending failed to 09358438356: Invalid phone number!
INFO 2024-11-02 20:16:48,075 tasks 20024 10316 Sent 0 pickup reminders and 0 return reminders
ERROR 2024-11-02 20:17:05,375 tasks 20024 10316 SMS sending failed to 09358438356: Invalid phone number!
INFO 2024-11-02 20:17:05,387 tasks 20024 10316 Sent 0 pickup reminders and 0 return reminders
ERROR 2024-11-02 20:18:10,510 tasks 20024 10316 SMS sending failed to 09358438356: HTTPSConnectionPool(host='sms.teamssprogram.com', port=443): Read timed out. (read timeout=10)
ERROR 2024-11-02 20:18:20,960 tasks 20024 10316 SMS sending failed to 09358438356: HTTPSConnectionPool(host='sms.teamssprogram.com', port=443): Read timed out. (read timeout=10)
INFO 2024-11-02 20:18:20,963 tasks 20024 10316 Sent 0 pickup reminders and 0 return reminders
ERROR 2024-11-02 20:19:14,985 tasks 20024 10316 SMS sending failed to 09358438356: HTTPSConnectionPool(host='sms.teamssprogram.com', port=443): Read timed out. (read timeout=10)
ERROR 2024-11-02 20:19:16,393 tasks 20024 10316 SMS sending failed to 09358438356: Invalid phone number!
INFO 2024-11-02 20:19:16,405 tasks 20024 10316 Sent 0 pickup reminders and 0 return reminders
ERROR 2024-11-02 20:20:10,491 tasks 20024 10316 SMS sending failed to 09358438356: HTTPSConnectionPool(host='sms.teamssprogram.com', port=443): Read timed out. (read timeout=10)
ERROR 2024-11-02 20:20:12,454 tasks 20024 10316 SMS sending failed to 09358438356: Invalid phone number!
INFO 2024-11-02 20:20:12,463 tasks 20024 10316 Sent 0 pickup reminders and 0 return reminders
ERROR 2024-11-02 20:20:15,869 tasks 20024 10316 SMS sending failed to 09358438356: Invalid phone number!
ERROR 2024-11-02 20:20:21,773 tasks 20024 10316 SMS sending failed to 09358438356: Invalid phone number!
ERROR 2024-11-02 20:20:23,262 tasks 20024 10316 SMS sending failed to 09358438355: Invalid phone number!
WARNING 2024-11-02 20:20:23,263 tasks 20024 10316 No phone number provided for SMS
ERROR 2024-11-02 20:20:33,363 tasks 20024 10316 SMS sending failed to 09358438356: Invalid phone number!
ERROR 2024-11-02 20:20:38,191 tasks 20024 10316 SMS sending failed to 09358438356: Invalid phone number!
ERROR 2024-11-02 20:20:39,606 tasks 20024 10316 SMS sending failed to 09358438356: Invalid phone number!
ERROR 2024-11-02 20:20:40,970 tasks 20024 10316 SMS sending failed to 09358438356: Invalid phone number!
INFO 2024-11-02 20:20:40,973 tasks 20024 10316 Updated statuses: 0 activated, 0 completed
INFO 2024-11-02 20:20:40,996 tasks 20024 10316 Successfully cancelled 0 pending reservations
ERROR 2024-11-02 20:21:05,172 tasks 20024 10316 SMS sending failed to 09358438356: Invalid phone number!
ERROR 2024-11-02 20:21:08,158 tasks 20024 10316 SMS sending failed to 09358438356: Invalid phone number!
INFO 2024-11-02 20:21:08,168 tasks 20024 10316 Sent 0 pickup reminders and 0 return reminders
ERROR 2024-11-02 20:23:45,885 tasks 19888 6284 SMS sending failed to +639358438356: Message has been queued for sending!
ERROR 2024-11-02 20:23:56,350 tasks 19888 6284 SMS sending failed to +639358438356: HTTPSConnectionPool(host='sms.teamssprogram.com', port=443): Read timed out. (read timeout=10)
INFO 2024-11-02 20:23:56,357 tasks 19888 6284 Sent 0 pickup reminders and 0 return reminders
ERROR 2024-11-02 20:24:01,954 tasks 19888 6284 SMS sending failed to +639358438356: Message has been queued for sending!
ERROR 2024-11-02 20:24:04,443 tasks 19888 6284 SMS sending failed to +639358438356: Message has been queued for sending!
INFO 2024-11-02 20:24:04,452 tasks 19888 6284 Sent 0 pickup reminders and 0 return reminders
INFO 2024-11-02 20:25:00,008 tasks 19888 6284 Successfully cancelled 0 pending reservations
ERROR 2024-11-02 20:25:02,133 tasks 19888 6284 SMS sending failed to +639358438356: Message has been queued for sending!
ERROR 2024-11-02 20:25:04,463 tasks 19888 6284 SMS sending failed to +639358438356: Message has been queued for sending!
ERROR 2024-11-02 20:25:15,012 tasks 19888 6284 SMS sending failed to +639358438355: HTTPSConnectionPool(host='sms.teamssprogram.com', port=443): Read timed out. (read timeout=10)
WARNING 2024-11-02 20:25:15,014 tasks 19888 6284 No phone number provided for SMS
ERROR 2024-11-02 20:25:16,921 tasks 19888 6284 SMS sending failed to +639358438356: Message has been queued for sending!
ERROR 2024-11-02 20:25:18,759 tasks 19888 6284 SMS sending failed to +639358438356: Message has been queued for sending!
ERROR 2024-11-02 20:25:29,224 tasks 19888 6284 SMS sending failed to +639358438356: HTTPSConnectionPool(host='sms.teamssprogram.com', port=443): Read timed out. (read timeout=10)
ERROR 2024-11-02 20:25:31,117 tasks 19888 6284 SMS sending failed to +639358438356: Message has been queued for sending!
INFO 2024-11-02 20:25:31,117 tasks 19888 6284 Updated statuses: 0 activated, 0 completed
ERROR 2024-11-02 20:25:33,122 tasks 19888 6284 SMS sending failed to +639358438356: Message has been queued for sending!
ERROR 2024-11-02 20:25:34,972 tasks 19888 6284 SMS sending failed to +639358438356: Message has been queued for sending!
INFO 2024-11-02 20:25:34,984 tasks 19888 6284 Sent 0 pickup reminders and 0 return reminders
ERROR 2024-11-02 20:26:05,608 tasks 19888 6284 SMS sending failed to +639358438356: Message has been queued for sending!
ERROR 2024-11-02 20:26:07,720 tasks 19888 6284 SMS sending failed to +639358438356: Message has been queued for sending!
INFO 2024-11-02 20:26:07,727 tasks 19888 6284 Sent 0 pickup reminders and 0 return reminders
ERROR 2024-11-02 20:27:01,965 tasks 19888 6284 SMS sending failed to +639358438356: Message has been queued for sending!
ERROR 2024-11-02 20:27:03,821 tasks 19888 6284 SMS sending failed to +639358438356: Message has been queued for sending!
INFO 2024-11-02 20:27:03,829 tasks 19888 6284 Sent 0 pickup reminders and 0 return reminders
ERROR 2024-11-02 20:28:11,325 tasks 19888 6284 SMS sending failed to +639358438356: HTTPSConnectionPool(host='sms.teamssprogram.com', port=443): Read timed out. (read timeout=10)
ERROR 2024-11-02 20:28:12,769 tasks 19888 6284 SMS sending failed to +639358438356: Message has been queued for sending!
ERROR 2024-11-02 20:28:14,638 tasks 19888 6284 SMS sending failed to +639358438356: Message has been queued for sending!
INFO 2024-11-02 20:28:14,638 tasks 19888 6284 Sent 0 pickup reminders and 0 return reminders
ERROR 2024-11-02 20:29:00,856 tasks 19888 6284 SMS sending failed to +639358438356: Maximum allowed number of sent messages has been reached!
ERROR 2024-11-02 20:29:01,677 tasks 19888 6284 SMS sending failed to +639358438356: Maximum allowed number of sent messages has been reached!
ERROR 2024-11-02 20:29:02,496 tasks 19888 6284 SMS sending failed to +639358438356: Maximum allowed number of sent messages has been reached!
INFO 2024-11-02 20:29:02,496 tasks 19888 6284 Sent 0 pickup reminders and 0 return reminders
ERROR 2024-11-02 20:30:01,663 tasks 19888 6284 SMS sending failed to +639358438356: Maximum allowed number of sent messages has been reached!
ERROR 2024-11-02 20:30:02,531 tasks 19888 6284 SMS sending failed to +639358438356: Maximum allowed number of sent messages has been reached!
ERROR 2024-11-02 20:30:03,408 tasks 19888 6284 SMS sending failed to +639358438355: Maximum allowed number of sent messages has been reached!
WARNING 2024-11-02 20:30:03,410 tasks 19888 6284 No phone number provided for SMS
ERROR 2024-11-02 20:30:05,562 tasks 19888 6284 SMS sending failed to +639358438356: Maximum allowed number of sent messages has been reached!
ERROR 2024-11-02 20:30:06,402 tasks 19888 6284 SMS sending failed to +639358438356: Maximum allowed number of sent messages has been reached!
ERROR 2024-11-02 20:30:08,491 tasks 19888 6284 SMS sending failed to +639358438356: Maximum allowed number of sent messages has been reached!
ERROR 2024-11-02 20:30:09,342 tasks 19888 6284 SMS sending failed to +639358438356: Maximum allowed number of sent messages has been reached!
INFO 2024-11-02 20:30:09,344 tasks 19888 6284 Updated statuses: 0 activated, 0 completed
INFO 2024-11-02 20:30:09,454 tasks 19888 6284 Successfully cancelled 0 pending reservations
ERROR 2024-11-02 20:30:10,218 tasks 19888 6284 SMS sending failed to +639358438356: Maximum allowed number of sent messages has been reached!
ERROR 2024-11-02 20:30:11,105 tasks 19888 6284 SMS sending failed to +639358438356: Maximum allowed number of sent messages has been reached!
ERROR 2024-11-02 20:30:11,943 tasks 19888 6284 SMS sending failed to +639358438356: Maximum allowed number of sent messages has been reached!
INFO 2024-11-02 20:30:11,945 tasks 19888 6284 Sent 0 pickup reminders and 0 return reminders
ERROR 2024-11-02 20:31:00,893 tasks 19888 6284 SMS sending failed to +639358438356: Maximum allowed number of sent messages has been reached!
ERROR 2024-11-02 20:31:01,695 tasks 19888 6284 SMS sending failed to +639358438356: Maximum allowed number of sent messages has been reached!
ERROR 2024-11-02 20:31:03,287 tasks 19888 6284 SMS sending failed to +639358438356: Maximum allowed number of sent messages has been reached!
INFO 2024-11-02 20:31:03,289 tasks 19888 6284 Sent 0 pickup reminders and 0 return reminders
ERROR 2024-11-02 20:32:00,928 tasks 19888 6284 SMS sending failed to +639358438356: Maximum allowed number of sent messages has been reached!
ERROR 2024-11-02 20:32:01,993 tasks 19888 6284 SMS sending failed to +639358438356: Maximum allowed number of sent messages has been reached!
ERROR 2024-11-02 20:32:02,840 tasks 19888 6284 SMS sending failed to +639358438356: Maximum allowed number of sent messages has been reached!
INFO 2024-11-02 20:32:02,842 tasks 19888 6284 Sent 0 pickup reminders and 0 return reminders
ERROR 2024-11-02 20:33:00,878 tasks 19888 6284 SMS sending failed to +639358438356: Maximum allowed number of sent messages has been reached!
ERROR 2024-11-02 20:33:01,634 tasks 19888 6284 SMS sending failed to +639358438356: Maximum allowed number of sent messages has been reached!
INFO 2024-11-02 20:33:01,638 tasks 19888 6284 Sent 0 pickup reminders and 0 return reminders
ERROR 2024-11-02 20:34:02,249 tasks 19888 6284 SMS sending failed to +639358438356: Maximum allowed number of sent messages has been reached!
ERROR 2024-11-02 20:34:03,116 tasks 19888 6284 SMS sending failed to +639358438356: Maximum allowed number of sent messages has been reached!
INFO 2024-11-02 20:34:03,119 tasks 19888 6284 Sent 0 pickup reminders and 0 return reminders
INFO 2024-11-02 20:35:00,027 tasks 19888 6284 Successfully cancelled 0 pending reservations
ERROR 2024-11-02 20:35:02,345 tasks 19888 6284 SMS sending failed to +639358438356: Maximum allowed number of sent messages has been reached!
ERROR 2024-11-02 20:35:03,190 tasks 19888 6284 SMS sending failed to +639358438356: Maximum allowed number of sent messages has been reached!
ERROR 2024-11-02 20:35:04,354 tasks 19888 6284 SMS sending failed to +639358438355: Maximum allowed number of sent messages has been reached!
WARNING 2024-11-02 20:35:04,354 tasks 19888 6284 No phone number provided for SMS
ERROR 2024-11-02 20:35:05,217 tasks 19888 6284 SMS sending failed to +639358438356: Maximum allowed number of sent messages has been reached!
ERROR 2024-11-02 20:35:06,048 tasks 19888 6284 SMS sending failed to +639358438356: Maximum allowed number of sent messages has been reached!
ERROR 2024-11-02 20:35:06,880 tasks 19888 6284 SMS sending failed to +639358438356: Maximum allowed number of sent messages has been reached!
ERROR 2024-11-02 20:35:09,004 tasks 19888 6284 SMS sending failed to +639358438356: Maximum allowed number of sent messages has been reached!
INFO 2024-11-02 20:35:09,007 tasks 19888 6284 Updated statuses: 0 activated, 0 completed
ERROR 2024-11-02 20:35:09,991 tasks 19888 6284 SMS sending failed to +639358438356: Maximum allowed number of sent messages has been reached!
ERROR 2024-11-02 20:35:10,859 tasks 19888 6284 SMS sending failed to +639358438356: Maximum allowed number of sent messages has been reached!
INFO 2024-11-02 20:35:10,872 tasks 19888 6284 Sent 0 pickup reminders and 0 return reminders
ERROR 2024-11-02 20:36:01,130 tasks 19888 6284 SMS sending failed to +639358438356: Maximum allowed number of sent messages has been reached!
ERROR 2024-11-02 20:36:01,940 tasks 19888 6284 SMS sending failed to +639358438356: Maximum allowed number of sent messages has been reached!
INFO 2024-11-02 20:36:01,942 tasks 19888 6284 Sent 0 pickup reminders and 0 return reminders
ERROR 2024-11-02 20:37:03,122 tasks 19888 6284 SMS sending failed to +639358438356: Maximum allowed number of sent messages has been reached!
ERROR 2024-11-02 20:37:04,962 tasks 19888 6284 SMS sending failed to +639358438356: Maximum allowed number of sent messages has been reached!
INFO 2024-11-02 20:37:04,962 tasks 19888 6284 Sent 0 pickup reminders and 0 return reminders
ERROR 2024-11-02 20:38:00,874 tasks 19888 6284 SMS sending failed to +639358438356: Maximum allowed number of sent messages has been reached!
ERROR 2024-11-02 20:38:01,689 tasks 19888 6284 SMS sending failed to +639358438356: Maximum allowed number of sent messages has been reached!
INFO 2024-11-02 20:38:01,692 tasks 19888 6284 Sent 0 pickup reminders and 0 return reminders
ERROR 2024-11-02 20:39:00,884 tasks 19888 6284 SMS sending failed to +639358438356: Maximum allowed number of sent messages has been reached!
ERROR 2024-11-02 20:39:02,264 tasks 19888 6284 SMS sending failed to +639358438356: Maximum allowed number of sent messages has been reached!
INFO 2024-11-02 20:39:02,272 tasks 19888 6284 Sent 0 pickup reminders and 0 return reminders
ERROR 2024-11-02 20:40:01,723 tasks 19888 6284 SMS sending failed to +639358438356: Maximum allowed number of sent messages has been reached!
ERROR 2024-11-02 20:40:02,619 tasks 19888 6284 SMS sending failed to +639358438356: Maximum allowed number of sent messages has been reached!
ERROR 2024-11-02 20:40:03,516 tasks 19888 6284 SMS sending failed to +639358438355: Maximum allowed number of sent messages has been reached!
WARNING 2024-11-02 20:40:03,516 tasks 19888 6284 No phone number provided for SMS
ERROR 2024-11-02 20:40:05,469 tasks 19888 6284 SMS sending failed to +639358438356: Maximum allowed number of sent messages has been reached!
ERROR 2024-11-02 20:40:07,882 tasks 19888 6284 SMS sending failed to +639358438356: Maximum allowed number of sent messages has been reached!
ERROR 2024-11-02 20:40:08,761 tasks 19888 6284 SMS sending failed to +639358438356: Maximum allowed number of sent messages has been reached!
ERROR 2024-11-02 20:40:12,954 tasks 19888 6284 SMS sending failed to +639358438356: Maximum allowed number of sent messages has been reached!
INFO 2024-11-02 20:40:12,963 tasks 19888 6284 Updated statuses: 0 activated, 0 completed
ERROR 2024-11-02 20:40:15,979 tasks 19888 6284 SMS sending failed to +639358438356: Maximum allowed number of sent messages has been reached!
ERROR 2024-11-02 20:40:17,138 tasks 19888 6284 SMS sending failed to +639358438356: Maximum allowed number of sent messages has been reached!
INFO 2024-11-02 20:40:17,138 tasks 19888 6284 Sent 0 pickup reminders and 0 return reminders
INFO 2024-11-02 20:40:17,154 tasks 19888 6284 Successfully cancelled 0 pending reservations
ERROR 2024-11-02 20:41:01,171 tasks 19888 6284 SMS sending failed to +639358438356: Maximum allowed number of sent messages has been reached!
ERROR 2024-11-02 20:41:02,022 tasks 19888 6284 SMS sending failed to +639358438356: Maximum allowed number of sent messages has been reached!
INFO 2024-11-02 20:41:02,025 tasks 19888 6284 Sent 0 pickup reminders and 0 return reminders
ERROR 2024-11-02 20:42:00,959 tasks 19888 6284 SMS sending failed to +639358438356: Maximum allowed number of sent messages has been reached!
ERROR 2024-11-02 20:42:01,792 tasks 19888 6284 SMS sending failed to +639358438356: Maximum allowed number of sent messages has been reached!
INFO 2024-11-02 20:42:01,801 tasks 19888 6284 Sent 0 pickup reminders and 0 return reminders
ERROR 2024-11-02 20:43:06,266 tasks 19888 6284 SMS sending failed to +639358438356: Maximum allowed number of sent messages has been reached!
ERROR 2024-11-02 20:43:07,085 tasks 19888 6284 SMS sending failed to +639358438356: Maximum allowed number of sent messages has been reached!
INFO 2024-11-02 20:43:07,092 tasks 19888 6284 Sent 0 pickup reminders and 0 return reminders
ERROR 2024-11-02 20:44:00,992 tasks 19888 6284 SMS sending failed to +639358438356: Maximum allowed number of sent messages has been reached!
ERROR 2024-11-02 20:44:01,932 tasks 19888 6284 SMS sending failed to +639358438356: Maximum allowed number of sent messages has been reached!
INFO 2024-11-02 20:44:01,937 tasks 19888 6284 Sent 0 pickup reminders and 0 return reminders
INFO 2024-11-02 20:45:00,043 tasks 19888 6284 Successfully cancelled 0 pending reservations
ERROR 2024-11-02 20:45:04,546 tasks 19888 6284 SMS sending failed to +639358438356: Maximum allowed number of sent messages has been reached!
ERROR 2024-11-02 20:45:06,824 tasks 19888 6284 SMS sending failed to +639358438356: Maximum allowed number of sent messages has been reached!
INFO 2024-11-02 20:45:06,829 tasks 19888 6284 Sent 0 pickup reminders and 0 return reminders
ERROR 2024-11-02 20:45:07,757 tasks 19888 6284 SMS sending failed to +639358438356: Maximum allowed number of sent messages has been reached!
ERROR 2024-11-02 20:45:09,627 tasks 19888 6284 SMS sending failed to +639358438356: Maximum allowed number of sent messages has been reached!
ERROR 2024-11-02 20:45:10,370 tasks 19888 6284 SMS sending failed to +639358438355: Maximum allowed number of sent messages has been reached!
WARNING 2024-11-02 20:45:10,372 tasks 19888 6284 No phone number provided for SMS
ERROR 2024-11-02 20:45:11,227 tasks 19888 6284 SMS sending failed to +639358438356: Maximum allowed number of sent messages has been reached!
ERROR 2024-11-02 20:45:13,273 tasks 19888 6284 SMS sending failed to +639358438356: Maximum allowed number of sent messages has been reached!
ERROR 2024-11-02 20:45:14,290 tasks 19888 6284 SMS sending failed to +639358438356: Maximum allowed number of sent messages has been reached!
ERROR 2024-11-02 20:45:16,102 tasks 19888 6284 SMS sending failed to +639358438356: Maximum allowed number of sent messages has been reached!
INFO 2024-11-02 20:45:16,104 tasks 19888 6284 Updated statuses: 0 activated, 0 completed
ERROR 2024-11-02 20:46:00,895 tasks 19888 6284 SMS sending failed to +639358438356: Maximum allowed number of sent messages has been reached!
ERROR 2024-11-02 20:46:01,788 tasks 19888 6284 SMS sending failed to +639358438356: Maximum allowed number of sent messages has been reached!
INFO 2024-11-02 20:46:01,797 tasks 19888 6284 Sent 0 pickup reminders and 0 return reminders
ERROR 2024-11-02 20:47:01,723 tasks 19888 6284 SMS sending failed to +639358438356: Maximum allowed number of sent messages has been reached!
ERROR 2024-11-02 20:47:07,353 tasks 19888 6284 SMS sending failed to +639358438356: Maximum allowed number of sent messages has been reached!
INFO 2024-11-02 20:47:07,353 tasks 19888 6284 Sent 0 pickup reminders and 0 return reminders
ERROR 2024-11-02 20:48:05,255 tasks 19888 6284 SMS sending failed to +639358438356: Maximum allowed number of sent messages has been reached!
ERROR 2024-11-02 20:48:07,921 tasks 19888 6284 SMS sending failed to +639358438356: Maximum allowed number of sent messages has been reached!
INFO 2024-11-02 20:48:07,931 tasks 19888 6284 Sent 0 pickup reminders and 0 return reminders
ERROR 2024-11-02 20:49:00,957 tasks 19888 6284 SMS sending failed to +639358438356: Maximum allowed number of sent messages has been reached!
ERROR 2024-11-02 20:49:03,190 tasks 19888 6284 SMS sending failed to +639358438356: Maximum allowed number of sent messages has been reached!
INFO 2024-11-02 20:49:03,208 tasks 19888 6284 Sent 0 pickup reminders and 0 return reminders
ERROR 2024-11-02 20:50:02,471 tasks 19888 6284 SMS sending failed to +639358438356: Maximum allowed number of sent messages has been reached!
ERROR 2024-11-02 20:50:04,877 tasks 19888 6284 SMS sending failed to +639358438356: Maximum allowed number of sent messages has been reached!
INFO 2024-11-02 20:50:04,892 tasks 19888 6284 Sent 0 pickup reminders and 0 return reminders
ERROR 2024-11-02 20:50:05,696 tasks 19888 6284 SMS sending failed to +639358438356: Maximum allowed number of sent messages has been reached!
ERROR 2024-11-02 20:50:06,647 tasks 19888 6284 SMS sending failed to +639358438356: Maximum allowed number of sent messages has been reached!
ERROR 2024-11-02 20:50:08,383 tasks 19888 6284 SMS sending failed to +639358438355: Maximum allowed number of sent messages has been reached!
WARNING 2024-11-02 20:50:08,385 tasks 19888 6284 No phone number provided for SMS
ERROR 2024-11-02 20:50:09,203 tasks 19888 6284 SMS sending failed to +639358438356: Maximum allowed number of sent messages has been reached!
ERROR 2024-11-02 20:50:12,610 tasks 19888 6284 SMS sending failed to +639358438356: Maximum allowed number of sent messages has been reached!
ERROR 2024-11-02 20:50:13,479 tasks 19888 6284 SMS sending failed to +639358438356: Maximum allowed number of sent messages has been reached!
ERROR 2024-11-02 20:50:14,334 tasks 19888 6284 SMS sending failed to +639358438356: Maximum allowed number of sent messages has been reached!
INFO 2024-11-02 20:50:14,334 tasks 19888 6284 Updated statuses: 0 activated, 0 completed
INFO 2024-11-02 20:50:14,334 tasks 19888 6284 Successfully cancelled 0 pending reservations
ERROR 2024-11-02 20:51:00,852 tasks 19888 6284 SMS sending failed to +639358438356: Maximum allowed number of sent messages has been reached!
ERROR 2024-11-02 20:51:04,454 tasks 19888 6284 SMS sending failed to +639358438356: Maximum allowed number of sent messages has been reached!
INFO 2024-11-02 20:51:04,456 tasks 19888 6284 Sent 0 pickup reminders and 0 return reminders
ERROR 2024-11-02 20:52:00,879 tasks 19888 6284 SMS sending failed to +639358438356: Maximum allowed number of sent messages has been reached!
ERROR 2024-11-02 20:52:01,762 tasks 19888 6284 SMS sending failed to +639358438356: Maximum allowed number of sent messages has been reached!
INFO 2024-11-02 20:52:01,768 tasks 19888 6284 Sent 0 pickup reminders and 0 return reminders
ERROR 2024-11-02 20:53:05,011 tasks 19888 6284 SMS sending failed to +639358438356: Maximum allowed number of sent messages has been reached!
ERROR 2024-11-02 20:53:05,864 tasks 19888 6284 SMS sending failed to +639358438356: Maximum allowed number of sent messages has been reached!
INFO 2024-11-02 20:53:05,875 tasks 19888 6284 Sent 0 pickup reminders and 0 return reminders
ERROR 2024-11-02 20:54:01,744 tasks 19888 6284 SMS sending failed to +639358438356: Maximum allowed number of sent messages has been reached!
ERROR 2024-11-02 20:54:02,556 tasks 19888 6284 SMS sending failed to +639358438356: Maximum allowed number of sent messages has been reached!
INFO 2024-11-02 20:54:02,563 tasks 19888 6284 Sent 0 pickup reminders and 0 return reminders
ERROR 2024-11-02 20:55:00,897 tasks 19888 6284 SMS sending failed to +639358438356: Maximum allowed number of sent messages has been reached!
ERROR 2024-11-02 20:55:01,891 tasks 19888 6284 SMS sending failed to +639358438356: Maximum allowed number of sent messages has been reached!
ERROR 2024-11-02 20:55:02,880 tasks 19888 6284 SMS sending failed to +639358438355: Maximum allowed number of sent messages has been reached!
WARNING 2024-11-02 20:55:02,880 tasks 19888 6284 No phone number provided for SMS
ERROR 2024-11-02 20:55:03,843 tasks 19888 6284 SMS sending failed to +639358438356: Maximum allowed number of sent messages has been reached!
ERROR 2024-11-02 20:55:04,717 tasks 19888 6284 SMS sending failed to +639358438356: Maximum allowed number of sent messages has been reached!
ERROR 2024-11-02 20:55:06,643 tasks 19888 6284 SMS sending failed to +639358438356: Maximum allowed number of sent messages has been reached!
ERROR 2024-11-02 20:55:07,467 tasks 19888 6284 SMS sending failed to +639358438356: Maximum allowed number of sent messages has been reached!
INFO 2024-11-02 20:55:07,467 tasks 19888 6284 Updated statuses: 0 activated, 0 completed
INFO 2024-11-02 20:55:07,478 tasks 19888 6284 Successfully cancelled 0 pending reservations
ERROR 2024-11-02 20:55:10,869 tasks 19888 6284 SMS sending failed to +639358438356: Maximum allowed number of sent messages has been reached!
ERROR 2024-11-02 20:55:11,727 tasks 19888 6284 SMS sending failed to +639358438356: Maximum allowed number of sent messages has been reached!
INFO 2024-11-02 20:55:11,733 tasks 19888 6284 Sent 0 pickup reminders and 0 return reminders
ERROR 2024-11-02 20:56:00,896 tasks 19888 6284 SMS sending failed to +639358438356: Maximum allowed number of sent messages has been reached!
ERROR 2024-11-02 20:56:02,754 tasks 19888 6284 SMS sending failed to +639358438356: Maximum allowed number of sent messages has been reached!
INFO 2024-11-02 20:56:02,757 tasks 19888 6284 Sent 0 pickup reminders and 0 return reminders
ERROR 2024-11-02 20:57:10,495 tasks 19888 6284 SMS sending failed to +639358438356: HTTPSConnectionPool(host='sms.teamssprogram.com', port=443): Read timed out. (read timeout=10)
ERROR 2024-11-02 20:57:20,261 tasks 19888 6284 SMS sending failed to +639358438356: Maximum allowed number of sent messages has been reached!
INFO 2024-11-02 20:57:20,261 tasks 19888 6284 Sent 0 pickup reminders and 0 return reminders
ERROR 2024-11-02 20:58:00,933 tasks 19888 6284 SMS sending failed to +639358438356: Maximum allowed number of sent messages has been reached!
ERROR 2024-11-02 20:58:01,743 tasks 19888 6284 SMS sending failed to +639358438356: Maximum allowed number of sent messages has been reached!
INFO 2024-11-02 20:58:01,749 tasks 19888 6284 Sent 0 pickup reminders and 0 return reminders
ERROR 2024-11-02 20:59:15,616 tasks 19888 6284 SMS sending failed to +639358438356: Maximum allowed number of sent messages has been reached!
ERROR 2024-11-02 20:59:16,459 tasks 19888 6284 SMS sending failed to +639358438356: Maximum allowed number of sent messages has been reached!
INFO 2024-11-02 20:59:16,464 tasks 19888 6284 Sent 0 pickup reminders and 0 return reminders
ERROR 2024-11-02 21:00:02,252 tasks 19888 6284 SMS sending failed to +639358438356: Maximum allowed number of sent messages has been reached!
ERROR 2024-11-02 21:00:03,188 tasks 19888 6284 SMS sending failed to +639358438356: Maximum allowed number of sent messages has been reached!
INFO 2024-11-02 21:00:03,209 tasks 19888 6284 Sent 0 pickup reminders and 0 return reminders
INFO 2024-11-02 21:00:03,228 tasks 19888 6284 Successfully cancelled 0 pending reservations
ERROR 2024-11-02 21:00:04,137 tasks 19888 6284 SMS sending failed to +639358438356: Maximum allowed number of sent messages has been reached!
ERROR 2024-11-02 21:00:05,032 tasks 19888 6284 SMS sending failed to +639358438356: Maximum allowed number of sent messages has been reached!
ERROR 2024-11-02 21:00:05,952 tasks 19888 6284 SMS sending failed to +639358438355: Maximum allowed number of sent messages has been reached!
WARNING 2024-11-02 21:00:05,952 tasks 19888 6284 No phone number provided for SMS
ERROR 2024-11-02 21:00:07,886 tasks 19888 6284 SMS sending failed to +639358438356: Maximum allowed number of sent messages has been reached!
ERROR 2024-11-02 21:00:08,720 tasks 19888 6284 SMS sending failed to +639358438356: Maximum allowed number of sent messages has been reached!
ERROR 2024-11-02 21:00:09,613 tasks 19888 6284 SMS sending failed to +639358438356: Maximum allowed number of sent messages has been reached!
ERROR 2024-11-02 21:00:10,444 tasks 19888 6284 SMS sending failed to +639358438356: Maximum allowed number of sent messages has been reached!
INFO 2024-11-02 21:00:10,444 tasks 19888 6284 Updated statuses: 0 activated, 0 completed
ERROR 2024-11-02 21:01:01,048 tasks 19888 6284 SMS sending failed to +639358438356: Maximum allowed number of sent messages has been reached!
ERROR 2024-11-02 21:01:01,876 tasks 19888 6284 SMS sending failed to +639358438356: Maximum allowed number of sent messages has been reached!
INFO 2024-11-02 21:01:01,883 tasks 19888 6284 Sent 0 pickup reminders and 0 return reminders
ERROR 2024-11-02 21:02:00,896 tasks 19888 6284 SMS sending failed to +639358438356: Maximum allowed number of sent messages has been reached!
ERROR 2024-11-02 21:02:01,751 tasks 19888 6284 SMS sending failed to +639358438356: Maximum allowed number of sent messages has been reached!
INFO 2024-11-02 21:02:01,755 tasks 19888 6284 Sent 0 pickup reminders and 0 return reminders
ERROR 2024-11-02 21:03:07,962 tasks 19888 6284 SMS sending failed to +639358438356: Maximum allowed number of sent messages has been reached!
ERROR 2024-11-02 21:03:11,396 tasks 19888 6284 SMS sending failed to +639358438356: Maximum allowed number of sent messages has been reached!
INFO 2024-11-02 21:03:11,416 tasks 19888 6284 Sent 0 pickup reminders and 0 return reminders
ERROR 2024-11-02 21:04:01,684 tasks 19888 6284 SMS sending failed to +639358438356: Maximum allowed number of sent messages has been reached!
ERROR 2024-11-02 21:04:02,876 tasks 19888 6284 SMS sending failed to +639358438356: Maximum allowed number of sent messages has been reached!
INFO 2024-11-02 21:04:02,878 tasks 19888 6284 Sent 0 pickup reminders and 0 return reminders
ERROR 2024-11-02 21:05:08,214 tasks 19888 6284 SMS sending failed to +639358438356: Maximum allowed number of sent messages has been reached!
ERROR 2024-11-02 21:05:09,161 tasks 19888 6284 SMS sending failed to +639358438356: Maximum allowed number of sent messages has been reached!
ERROR 2024-11-02 21:05:21,661 tasks 19888 6284 SMS sending failed to +639358438355: HTTPSConnectionPool(host='sms.teamssprogram.com', port=443): Read timed out. (read timeout=10)
WARNING 2024-11-02 21:05:21,661 tasks 19888 6284 No phone number provided for SMS
ERROR 2024-11-02 21:05:22,549 tasks 19888 6284 SMS sending failed to +639358438356: Maximum allowed number of sent messages has been reached!
ERROR 2024-11-02 21:05:24,514 tasks 19888 6284 SMS sending failed to +639358438356: Maximum allowed number of sent messages has been reached!
ERROR 2024-11-02 21:05:33,459 tasks 19888 6284 SMS sending failed to +639358438356: Maximum allowed number of sent messages has been reached!
ERROR 2024-11-02 21:05:34,320 tasks 19888 6284 SMS sending failed to +639358438356: Maximum allowed number of sent messages has been reached!
INFO 2024-11-02 21:05:34,320 tasks 19888 6284 Updated statuses: 0 activated, 0 completed
INFO 2024-11-02 21:05:34,343 tasks 19888 6284 Successfully cancelled 0 pending reservations
ERROR 2024-11-02 21:05:35,758 tasks 19888 6284 SMS sending failed to +639358438356: Maximum allowed number of sent messages has been reached!
ERROR 2024-11-02 21:05:36,890 tasks 19888 6284 SMS sending failed to +639358438356: Maximum allowed number of sent messages has been reached!
INFO 2024-11-02 21:05:36,892 tasks 19888 6284 Sent 0 pickup reminders and 0 return reminders
ERROR 2024-11-02 21:06:00,947 tasks 19888 6284 SMS sending failed to +639358438356: Maximum allowed number of sent messages has been reached!
ERROR 2024-11-02 21:06:01,870 tasks 19888 6284 SMS sending failed to +639358438356: Maximum allowed number of sent messages has been reached!
INFO 2024-11-02 21:06:01,873 tasks 19888 6284 Sent 0 pickup reminders and 0 return reminders
ERROR 2024-11-02 21:07:10,256 tasks 19888 6284 SMS sending failed to +639358438356: HTTPSConnectionPool(host='sms.teamssprogram.com', port=443): Read timed out. (read timeout=10)
ERROR 2024-11-02 21:07:14,423 tasks 19888 6284 SMS sending failed to +639358438356: Maximum allowed number of sent messages has been reached!
INFO 2024-11-02 21:07:14,426 tasks 19888 6284 Sent 0 pickup reminders and 0 return reminders
ERROR 2024-11-02 21:08:00,848 tasks 19888 6284 SMS sending failed to +639358438356: Maximum allowed number of sent messages has been reached!
ERROR 2024-11-02 21:08:02,718 tasks 19888 6284 SMS sending failed to +639358438356: Maximum allowed number of sent messages has been reached!
INFO 2024-11-02 21:08:02,728 tasks 19888 6284 Sent 0 pickup reminders and 0 return reminders
ERROR 2024-11-02 21:09:00,893 tasks 19888 6284 SMS sending failed to +639358438356: Maximum allowed number of sent messages has been reached!
ERROR 2024-11-02 21:09:01,710 tasks 19888 6284 SMS sending failed to +639358438356: Maximum allowed number of sent messages has been reached!
INFO 2024-11-02 21:09:01,718 tasks 19888 6284 Sent 0 pickup reminders and 0 return reminders
ERROR 2024-11-02 21:10:01,751 tasks 19888 6284 SMS sending failed to +639358438356: Maximum allowed number of sent messages has been reached!
ERROR 2024-11-02 21:10:11,941 tasks 19888 6284 SMS sending failed to +639358438356: HTTPSConnectionPool(host='sms.teamssprogram.com', port=443): Read timed out. (read timeout=10)
ERROR 2024-11-02 21:10:11,999 tasks 19888 6284 SMS sending failed to +639358438355: HTTPSConnectionPool(host='sms.teamssprogram.com', port=443): Max retries exceeded with url: /api/send/sms?secret=c05c90a95a9925ec7011ea19b7eeadf6a79b767e&mode=devices&device=00000000-0000-0000-6255-d4715bb82e99&sim=1&priority=1&phone=%2B639358438355&message=Your+reservation+%2357+for+New+Test+Brand+newnewdd+to+thr+njaxz+dds+is+now+active.+Enjoy+your+ride%21 (Caused by SSLError(SSLCertVerificationError(1, '[SSL: CERTIFICATE_VERIFY_FAILED] certificate verify failed: self signed certificate (_ssl.c:1122)')))
WARNING 2024-11-02 21:10:12,000 tasks 19888 6284 No phone number provided for SMS
ERROR 2024-11-02 21:10:12,065 tasks 19888 6284 SMS sending failed to +639358438356: HTTPSConnectionPool(host='sms.teamssprogram.com', port=443): Max retries exceeded with url: /api/send/sms?secret=c05c90a95a9925ec7011ea19b7eeadf6a79b767e&mode=devices&device=00000000-0000-0000-6255-d4715bb82e99&sim=1&priority=1&phone=%2B639358438356&message=Your+reservation+%2346+for+Test+1+new+eidtdsss+test+is+now+active.+Enjoy+your+ride%21 (Caused by SSLError(SSLCertVerificationError(1, '[SSL: CERTIFICATE_VERIFY_FAILED] certificate verify failed: self signed certificate (_ssl.c:1122)')))
ERROR 2024-11-02 21:10:13,105 tasks 19888 6284 SMS sending failed to +639358438356: HTTPSConnectionPool(host='sms.teamssprogram.com', port=443): Max retries exceeded with url: /api/send/sms?secret=c05c90a95a9925ec7011ea19b7eeadf6a79b767e&mode=devices&device=00000000-0000-0000-6255-d4715bb82e99&sim=1&priority=1&phone=%2B639358438356&message=Your+reservation+%2344+for+Test+1+new+eidtdsss+test+is+now+active.+Enjoy+your+ride%21 (Caused by SSLError(SSLCertVerificationError(1, '[SSL: CERTIFICATE_VERIFY_FAILED] certificate verify failed: self signed certificate (_ssl.c:1122)')))
ERROR 2024-11-02 21:10:16,197 tasks 19888 6284 SMS sending failed to +639358438356: HTTPSConnectionPool(host='sms.teamssprogram.com', port=443): Max retries exceeded with url: /api/send/sms?secret=c05c90a95a9925ec7011ea19b7eeadf6a79b767e&mode=devices&device=00000000-0000-0000-6255-d4715bb82e99&sim=1&priority=1&phone=%2B639358438356&message=Your+reservation+%2339+for+Test+2+test+has+been+completed.+Thank+you+for+choosing+our+service%21 (Caused by SSLError(SSLCertVerificationError(1, '[SSL: CERTIFICATE_VERIFY_FAILED] certificate verify failed: self signed certificate (_ssl.c:1122)')))
ERROR 2024-11-02 21:10:16,236 tasks 19888 6284 SMS sending failed to +639358438356: HTTPSConnectionPool(host='sms.teamssprogram.com', port=443): Max retries exceeded with url: /api/send/sms?secret=c05c90a95a9925ec7011ea19b7eeadf6a79b767e&mode=devices&device=00000000-0000-0000-6255-d4715bb82e99&sim=1&priority=1&phone=%2B639358438356&message=Your+reservation+%2338+for+Test+2+test+has+been+completed.+Thank+you+for+choosing+our+service%21 (Caused by SSLError(SSLCertVerificationError(1, '[SSL: CERTIFICATE_VERIFY_FAILED] certificate verify failed: self signed certificate (_ssl.c:1122)')))
INFO 2024-11-02 21:10:16,237 tasks 19888 6284 Updated statuses: 0 activated, 0 completed
INFO 2024-11-02 21:10:16,245 tasks 19888 6284 Successfully cancelled 0 pending reservations
ERROR 2024-11-02 21:10:16,300 tasks 19888 6284 SMS sending failed to +639358438356: HTTPSConnectionPool(host='sms.teamssprogram.com', port=443): Max retries exceeded with url: /api/send/sms?secret=c05c90a95a9925ec7011ea19b7eeadf6a79b767e&mode=devices&device=00000000-0000-0000-6255-d4715bb82e99&sim=1&priority=1&phone=%2B639358438356&message=REMINDER%3A+Your+car+rental+for+New+Test+Brand+2+ewew+starts+tomorrow+at+12%3A19+PM.+Please+arrive+on+time+for+pickup. (Caused by SSLError(SSLCertVerificationError(1, '[SSL: CERTIFICATE_VERIFY_FAILED] certificate verify failed: self signed certificate (_ssl.c:1122)')))
ERROR 2024-11-02 21:10:16,316 tasks 19888 6284 SMS sending failed to +639358438356: HTTPSConnectionPool(host='sms.teamssprogram.com', port=443): Max retries exceeded with url: /api/send/sms?secret=c05c90a95a9925ec7011ea19b7eeadf6a79b767e&mode=devices&device=00000000-0000-0000-6255-d4715bb82e99&sim=1&priority=1&phone=%2B639358438356&message=REMINDER%3A+Your+car+rental+for+New+Test+Brand+Barako+starts+tomorrow+at+11%3A28+AM.+Please+arrive+on+time+for+pickup. (Caused by SSLError(SSLCertVerificationError(1, '[SSL: CERTIFICATE_VERIFY_FAILED] certificate verify failed: self signed certificate (_ssl.c:1122)')))
INFO 2024-11-02 21:10:16,319 tasks 19888 6284 Sent 0 pickup reminders and 0 return reminders
ERROR 2024-11-02 21:11:10,055 tasks 19888 6284 SMS sending failed to +639358438356: HTTPSConnectionPool(host='sms.teamssprogram.com', port=443): Max retries exceeded with url: /api/send/sms?secret=c05c90a95a9925ec7011ea19b7eeadf6a79b767e&mode=devices&device=00000000-0000-0000-6255-d4715bb82e99&sim=1&priority=1&phone=%2B639358438356&message=REMINDER%3A+Your+car+rental+for+New+Test+Brand+2+ewew+starts+tomorrow+at+12%3A19+PM.+Please+arrive+on+time+for+pickup. (Caused by SSLError(SSLCertVerificationError(1, '[SSL: CERTIFICATE_VERIFY_FAILED] certificate verify failed: self signed certificate (_ssl.c:1122)')))
ERROR 2024-11-02 21:11:10,135 tasks 19888 6284 SMS sending failed to +639358438356: HTTPSConnectionPool(host='sms.teamssprogram.com', port=443): Max retries exceeded with url: /api/send/sms?secret=c05c90a95a9925ec7011ea19b7eeadf6a79b767e&mode=devices&device=00000000-0000-0000-6255-d4715bb82e99&sim=1&priority=1&phone=%2B639358438356&message=REMINDER%3A+Your+car+rental+for+New+Test+Brand+Barako+starts+tomorrow+at+11%3A28+AM.+Please+arrive+on+time+for+pickup. (Caused by SSLError(SSLCertVerificationError(1, '[SSL: CERTIFICATE_VERIFY_FAILED] certificate verify failed: self signed certificate (_ssl.c:1122)')))
INFO 2024-11-02 21:11:10,143 tasks 19888 6284 Sent 0 pickup reminders and 0 return reminders
ERROR 2024-11-02 21:12:04,148 tasks 19888 6284 SMS sending failed to +639358438356: Maximum allowed number of sent messages has been reached!
ERROR 2024-11-02 21:12:04,938 tasks 19888 6284 SMS sending failed to +639358438356: Maximum allowed number of sent messages has been reached!
INFO 2024-11-02 21:12:04,944 tasks 19888 6284 Sent 0 pickup reminders and 0 return reminders
ERROR 2024-11-02 21:13:00,891 tasks 19888 6284 SMS sending failed to +639358438356: Maximum allowed number of sent messages has been reached!
ERROR 2024-11-02 21:13:01,767 tasks 19888 6284 SMS sending failed to +639358438356: Maximum allowed number of sent messages has been reached!
INFO 2024-11-02 21:13:01,777 tasks 19888 6284 Sent 0 pickup reminders and 0 return reminders
ERROR 2024-11-02 21:14:02,350 tasks 19888 6284 SMS sending failed to +639358438356: Message has been queued for sending!
ERROR 2024-11-02 21:14:03,757 tasks 19888 6284 SMS sending failed to +639358438356: Message has been queued for sending!
INFO 2024-11-02 21:14:03,768 tasks 19888 6284 Sent 0 pickup reminders and 0 return reminders
ERROR 2024-11-02 21:15:02,066 tasks 19888 6284 SMS sending failed to +639358438356: Message has been queued for sending!
ERROR 2024-11-02 21:15:03,704 tasks 19888 6284 SMS sending failed to +639358438356: Message has been queued for sending!
INFO 2024-11-02 21:15:03,713 tasks 19888 6284 Sent 0 pickup reminders and 0 return reminders
INFO 2024-11-02 21:15:03,730 tasks 19888 6284 Successfully cancelled 0 pending reservations
ERROR 2024-11-02 21:15:05,132 tasks 19888 6284 SMS sending failed to +639358438356: Message has been queued for sending!
ERROR 2024-11-02 21:15:15,568 tasks 19888 6284 SMS sending failed to +639358438355: HTTPSConnectionPool(host='sms.teamssprogram.com', port=443): Read timed out. (read timeout=10)
WARNING 2024-11-02 21:15:15,568 tasks 19888 6284 No phone number provided for SMS
ERROR 2024-11-02 21:15:17,890 tasks 19888 6284 SMS sending failed to +639358438356: Message has been queued for sending!
ERROR 2024-11-02 21:15:19,462 tasks 19888 6284 SMS sending failed to +639358438356: Message has been queued for sending!
ERROR 2024-11-02 21:15:21,363 tasks 19888 6284 SMS sending failed to +639358438356: Message has been queued for sending!
ERROR 2024-11-02 21:15:22,848 tasks 19888 6284 SMS sending failed to +639358438356: Message has been queued for sending!
ERROR 2024-11-02 21:15:33,291 tasks 19888 6284 SMS sending failed to +639358438356: HTTPSConnectionPool(host='sms.teamssprogram.com', port=443): Read timed out. (read timeout=10)
INFO 2024-11-02 21:15:33,550 tasks 19888 6284 Updated statuses: 0 activated, 1 completed
ERROR 2024-11-02 21:16:07,220 tasks 19888 6284 SMS sending failed to +639358438356: Message has been queued for sending!
ERROR 2024-11-02 21:16:08,762 tasks 19888 6284 SMS sending failed to +639358438356: Message has been queued for sending!
INFO 2024-11-02 21:16:08,786 tasks 19888 6284 Sent 0 pickup reminders and 0 return reminders
ERROR 2024-11-02 21:17:06,713 tasks 19888 6284 SMS sending failed to +639358438356: Message has been queued for sending!
ERROR 2024-11-02 21:17:12,343 tasks 19888 6284 SMS sending failed to +639358438356: Message has been queued for sending!
INFO 2024-11-02 21:17:12,348 tasks 19888 6284 Sent 0 pickup reminders and 0 return reminders
ERROR 2024-11-02 21:18:10,479 tasks 19888 6284 SMS sending failed to +639358438356: HTTPSConnectionPool(host='sms.teamssprogram.com', port=443): Read timed out. (read timeout=10)
ERROR 2024-11-02 21:18:13,698 tasks 19888 6284 SMS sending failed to +639358438356: Message has been queued for sending!
INFO 2024-11-02 21:18:13,716 tasks 19888 6284 Sent 0 pickup reminders and 0 return reminders
ERROR 2024-11-02 21:19:03,612 tasks 19888 6284 SMS sending failed to +639358438356: Message has been queued for sending!
ERROR 2024-11-02 21:19:08,583 tasks 19888 6284 SMS sending failed to +639358438356: Message has been queued for sending!
INFO 2024-11-02 21:19:08,589 tasks 19888 6284 Sent 0 pickup reminders and 0 return reminders
ERROR 2024-11-02 21:20:03,886 tasks 19888 6284 SMS sending failed to +639358438356: Message has been queued for sending!
ERROR 2024-11-02 21:20:06,220 tasks 19888 6284 SMS sending failed to +639358438355: Message has been queued for sending!
WARNING 2024-11-02 21:20:06,220 tasks 19888 6284 No phone number provided for SMS
ERROR 2024-11-02 21:20:08,360 tasks 19888 6284 SMS sending failed to +639358438356: Message has been queued for sending!
ERROR 2024-11-02 21:20:10,308 tasks 19888 6284 SMS sending failed to +639358438356: Message has been queued for sending!
ERROR 2024-11-02 21:20:20,739 tasks 19888 6284 SMS sending failed to +639358438356: HTTPSConnectionPool(host='sms.teamssprogram.com', port=443): Read timed out. (read timeout=10)
ERROR 2024-11-02 21:20:23,291 tasks 19888 6284 SMS sending failed to +639358438356: Message has been queued for sending!
ERROR 2024-11-02 21:20:25,812 tasks 19888 6284 SMS sending failed to +639358438356: Message has been queued for sending!
INFO 2024-11-02 21:20:25,814 tasks 19888 6284 Updated statuses: 0 activated, 0 completed
INFO 2024-11-02 21:20:25,855 tasks 19888 6284 Successfully cancelled 0 pending reservations
ERROR 2024-11-02 21:20:28,211 tasks 19888 6284 SMS sending failed to +639358438356: Message has been queued for sending!
ERROR 2024-11-02 21:20:30,988 tasks 19888 6284 SMS sending failed to +639358438356: Message has been queued for sending!
INFO 2024-11-02 21:20:30,997 tasks 19888 6284 Sent 0 pickup reminders and 0 return reminders
ERROR 2024-11-02 21:21:02,068 tasks 19888 6284 SMS sending failed to +639358438356: Message has been queued for sending!
ERROR 2024-11-02 21:21:04,838 tasks 19888 6284 SMS sending failed to +639358438356: Message has been queued for sending!
INFO 2024-11-02 21:21:04,843 tasks 19888 6284 Sent 0 pickup reminders and 0 return reminders
ERROR 2024-11-02 21:22:10,466 tasks 19888 6284 SMS sending failed to +639358438356: HTTPSConnectionPool(host='sms.teamssprogram.com', port=443): Read timed out. (read timeout=10)
ERROR 2024-11-02 21:22:20,918 tasks 19888 6284 SMS sending failed to +639358438356: HTTPSConnectionPool(host='sms.teamssprogram.com', port=443): Read timed out. (read timeout=10)
INFO 2024-11-02 21:22:20,922 tasks 19888 6284 Sent 0 pickup reminders and 0 return reminders
ERROR 2024-11-02 21:23:10,492 tasks 19888 6284 SMS sending failed to +639358438356: HTTPSConnectionPool(host='sms.teamssprogram.com', port=443): Read timed out. (read timeout=10)
ERROR 2024-11-02 21:23:21,890 tasks 19888 6284 SMS sending failed to +639358438356: HTTPSConnectionPool(host='sms.teamssprogram.com', port=443): Read timed out. (read timeout=10)
INFO 2024-11-02 21:23:21,894 tasks 19888 6284 Sent 0 pickup reminders and 0 return reminders
ERROR 2024-11-02 21:24:10,520 tasks 19888 6284 SMS sending failed to +639358438356: HTTPSConnectionPool(host='sms.teamssprogram.com', port=443): Read timed out. (read timeout=10)
ERROR 2024-11-02 21:24:21,000 tasks 19888 6284 SMS sending failed to +639358438356: HTTPSConnectionPool(host='sms.teamssprogram.com', port=443): Read timed out. (read timeout=10)
INFO 2024-11-02 21:24:21,007 tasks 19888 6284 Sent 0 pickup reminders and 0 return reminders
ERROR 2024-11-02 21:25:10,546 tasks 19888 6284 SMS sending failed to +639358438356: HTTPSConnectionPool(host='sms.teamssprogram.com', port=443): Read timed out. (read timeout=10)
ERROR 2024-11-02 21:25:14,401 tasks 19888 6284 SMS sending failed to +639358438356: Message has been queued for sending!
INFO 2024-11-02 21:25:14,406 tasks 19888 6284 Sent 0 pickup reminders and 0 return reminders
INFO 2024-11-02 21:25:14,415 tasks 19888 6284 Successfully cancelled 0 pending reservations
ERROR 2024-11-02 21:25:18,251 tasks 19888 6284 SMS sending failed to +639358438356: Message has been queued for sending!
ERROR 2024-11-02 21:25:23,297 tasks 19888 6284 SMS sending failed to +639358438355: Message has been queued for sending!
WARNING 2024-11-02 21:25:23,297 tasks 19888 6284 No phone number provided for SMS
ERROR 2024-11-02 21:25:33,819 tasks 19888 6284 SMS sending failed to +639358438356: HTTPSConnectionPool(host='sms.teamssprogram.com', port=443): Read timed out. (read timeout=10)
ERROR 2024-11-02 21:25:35,919 tasks 19888 6284 SMS sending failed to +639358438356: Message has been queued for sending!
ERROR 2024-11-02 21:25:37,734 tasks 19888 6284 SMS sending failed to +639358438356: Message has been queued for sending!
ERROR 2024-11-02 21:25:39,540 tasks 19888 6284 SMS sending failed to +639358438356: Message has been queued for sending!
ERROR 2024-11-02 21:25:50,043 tasks 19888 6284 SMS sending failed to +639358438356: HTTPSConnectionPool(host='sms.teamssprogram.com', port=443): Read timed out. (read timeout=10)
INFO 2024-11-02 21:25:50,045 tasks 19888 6284 Updated statuses: 0 activated, 0 completed
ERROR 2024-11-02 21:26:10,499 tasks 19888 6284 SMS sending failed to +639358438356: HTTPSConnectionPool(host='sms.teamssprogram.com', port=443): Read timed out. (read timeout=10)
ERROR 2024-11-02 21:26:13,417 tasks 19888 6284 SMS sending failed to +639358438356: Message has been queued for sending!
INFO 2024-11-02 21:26:13,425 tasks 19888 6284 Sent 0 pickup reminders and 0 return reminders
ERROR 2024-11-02 21:27:03,473 tasks 19888 6284 SMS sending failed to +639358438356: Message has been queued for sending!
ERROR 2024-11-02 21:27:05,733 tasks 19888 6284 SMS sending failed to +639358438356: Message has been queued for sending!
INFO 2024-11-02 21:27:05,740 tasks 19888 6284 Sent 0 pickup reminders and 0 return reminders
ERROR 2024-11-02 21:28:10,682 tasks 19888 6284 SMS sending failed to +639358438356: HTTPSConnectionPool(host='sms.teamssprogram.com', port=443): Read timed out. (read timeout=10)
ERROR 2024-11-02 21:28:12,903 tasks 19888 6284 SMS sending failed to +639358438356: Message has been queued for sending!
INFO 2024-11-02 21:28:12,911 tasks 19888 6284 Sent 0 pickup reminders and 0 return reminders
ERROR 2024-11-02 21:29:10,466 tasks 19888 6284 SMS sending failed to +639358438356: HTTPSConnectionPool(host='sms.teamssprogram.com', port=443): Read timed out. (read timeout=10)
ERROR 2024-11-02 21:29:13,214 tasks 19888 6284 SMS sending failed to +639358438356: Expecting value: line 1 column 1 (char 0)
INFO 2024-11-02 21:29:13,218 tasks 19888 6284 Sent 0 pickup reminders and 0 return reminders
ERROR 2024-11-02 21:30:02,706 tasks 19888 6284 SMS sending failed to +639358438356: Message has been queued for sending!
ERROR 2024-11-02 21:30:05,343 tasks 19888 6284 SMS sending failed to +639358438356: Message has been queued for sending!
INFO 2024-11-02 21:30:05,360 tasks 19888 6284 Sent 0 pickup reminders and 0 return reminders
INFO 2024-11-02 21:30:05,365 tasks 19888 6284 Successfully cancelled 0 pending reservations
ERROR 2024-11-02 21:30:15,802 tasks 19888 6284 SMS sending failed to +639358438356: HTTPSConnectionPool(host='sms.teamssprogram.com', port=443): Read timed out. (read timeout=10)
ERROR 2024-11-02 21:30:26,232 tasks 19888 6284 SMS sending failed to +639358438355: HTTPSConnectionPool(host='sms.teamssprogram.com', port=443): Read timed out. (read timeout=10)
WARNING 2024-11-02 21:30:26,232 tasks 19888 6284 No phone number provided for SMS
ERROR 2024-11-02 21:30:28,498 tasks 19888 6284 SMS sending failed to +639358438356: Message has been queued for sending!
ERROR 2024-11-02 21:30:38,926 tasks 19888 6284 SMS sending failed to +639358438356: HTTPSConnectionPool(host='sms.teamssprogram.com', port=443): Read timed out. (read timeout=10)
ERROR 2024-11-02 21:30:50,147 tasks 19888 6284 SMS sending failed to +639358438356: HTTPSConnectionPool(host='sms.teamssprogram.com', port=443): Read timed out. (read timeout=10)
ERROR 2024-11-02 21:30:54,591 tasks 19888 6284 SMS sending failed to +639358438356: Message has been queued for sending!
ERROR 2024-11-02 21:31:01,810 tasks 19888 6284 SMS sending failed to +639358438356: Message has been queued for sending!
INFO 2024-11-02 21:31:01,810 tasks 19888 6284 Updated statuses: 0 activated, 0 completed
ERROR 2024-11-02 21:31:04,160 tasks 19888 6284 SMS sending failed to +639358438356: Message has been queued for sending!
ERROR 2024-11-02 21:31:08,604 tasks 19888 6284 SMS sending failed to +639358438356: Message has been queued for sending!
INFO 2024-11-02 21:31:08,610 tasks 19888 6284 Sent 0 pickup reminders and 0 return reminders
ERROR 2024-11-02 21:32:02,274 tasks 19888 6284 SMS sending failed to +639358438356: Message has been queued for sending!
ERROR 2024-11-02 21:32:05,587 tasks 19888 6284 SMS sending failed to +639358438356: Message has been queued for sending!
INFO 2024-11-02 21:32:05,593 tasks 19888 6284 Sent 0 pickup reminders and 0 return reminders
ERROR 2024-11-02 21:33:02,232 tasks 19888 6284 SMS sending failed to +639358438356: Message has been queued for sending!
ERROR 2024-11-02 21:33:03,792 tasks 19888 6284 SMS sending failed to +639358438356: Message has been queued for sending!
INFO 2024-11-02 21:33:03,800 tasks 19888 6284 Sent 0 pickup reminders and 0 return reminders
ERROR 2024-11-02 21:34:02,775 tasks 19888 6284 SMS sending failed to +639358438356: Message has been queued for sending!
ERROR 2024-11-02 21:34:04,288 tasks 19888 6284 SMS sending failed to +639358438356: Message has been queued for sending!
INFO 2024-11-02 21:34:04,308 tasks 19888 6284 Sent 0 pickup reminders and 0 return reminders
ERROR 2024-11-02 21:35:09,034 tasks 19888 6284 SMS sending failed to +639358438355: Message has been queued for sending!
WARNING 2024-11-02 21:35:09,040 tasks 19888 6284 No phone number provided for SMS
ERROR 2024-11-02 21:35:22,351 tasks 19888 6284 SMS sending failed to +639358438356: HTTPSConnectionPool(host='sms.teamssprogram.com', port=443): Read timed out. (read timeout=10)
ERROR 2024-11-02 21:35:25,002 tasks 19888 6284 SMS sending failed to +639358438356: Message has been queued for sending!
ERROR 2024-11-02 21:35:26,701 tasks 19888 6284 SMS sending failed to +639358438356: Message has been queued for sending!
ERROR 2024-11-02 21:35:29,431 tasks 19888 6284 SMS sending failed to +639358438356: Message has been queued for sending!
ERROR 2024-11-02 21:35:31,280 tasks 19888 6284 SMS sending failed to +639358438356: Message has been queued for sending!
ERROR 2024-11-02 21:35:41,699 tasks 19888 6284 SMS sending failed to +639358438356: HTTPSConnectionPool(host='sms.teamssprogram.com', port=443): Read timed out. (read timeout=10)
INFO 2024-11-02 21:35:41,866 tasks 19888 6284 Updated statuses: 0 activated, 1 completed
ERROR 2024-11-02 21:35:43,295 tasks 19888 6284 SMS sending failed to +639358438356: Message has been queued for sending!
ERROR 2024-11-02 21:35:45,046 tasks 19888 6284 SMS sending failed to +639358438356: Message has been queued for sending!
INFO 2024-11-02 21:35:45,065 tasks 19888 6284 Sent 0 pickup reminders and 0 return reminders
INFO 2024-11-02 21:35:45,077 tasks 19888 6284 Successfully cancelled 0 pending reservations
ERROR 2024-11-02 21:36:01,798 tasks 19888 6284 SMS sending failed to +639358438356: Message has been queued for sending!
ERROR 2024-11-02 21:36:04,203 tasks 19888 6284 SMS sending failed to +639358438356: Message has been queued for sending!
INFO 2024-11-02 21:36:04,221 tasks 19888 6284 Sent 0 pickup reminders and 0 return reminders
ERROR 2024-11-02 21:37:02,155 tasks 19888 6284 SMS sending failed to +639358438356: Message has been queued for sending!
ERROR 2024-11-02 21:37:10,958 tasks 19888 6284 SMS sending failed to +639358438356: Message has been queued for sending!
INFO 2024-11-02 21:37:10,962 tasks 19888 6284 Sent 0 pickup reminders and 0 return reminders
ERROR 2024-11-02 21:38:01,821 tasks 19888 6284 SMS sending failed to +639358438356: Message has been queued for sending!
ERROR 2024-11-02 21:38:04,409 tasks 19888 6284 SMS sending failed to +639358438356: Message has been queued for sending!
INFO 2024-11-02 21:38:04,425 tasks 19888 6284 Sent 0 pickup reminders and 0 return reminders
